<?xml version="1.0" encoding="UTF-8"?>
<!-- Generated by org.testng.reporters.JUnitReportReporter -->
<testsuite hostname="DESKTOP-0Q2F0AL" failures="0" tests="1" name="Login_Test.Login" time="12.681" errors="0" timestamp="2023-03-30T17:27:28 IST" skipped="0">
  <testcase classname="Login_Test.Login" name="TC_Login_01" time="12.681"/>
  <system-out/>
</testsuite> <!-- Login_Test.Login -->
